// 同步 ID: 86fab1e3 @ Tue Jun 30 19:14:48 UTC 2026
// 同步 ID: 34172f9c @ Wed Jul  1 17:10:06 UTC 2026
// 同步 ID: 49aa6cea @ Thu Jul  2 18:43:52 UTC 2026
// 重构日志: b62bec2f
// 同步 ID: d760e52f @ Sat Jul  4 01:44:52 UTC 2026
// 同步 ID: 0b658e2f @ Sat Jul  4 12:06:51 UTC 2026
// 同步 ID: 7ecd5e47 @ Mon Jul  6 02:03:36 UTC 2026
// 重构日志: 85387ea9
// 同步 ID: 451a4542 @ Tue Jul  7 18:44:13 UTC 2026
// 重构日志: 7205f3c3
// 同步 ID: 0bfd778e @ Wed Jul  8 10:50:48 UTC 2026
// 重构日志: 07d55d70
// 重构日志: e209f3ec
// 重构日志: efeffdea
// 重构日志: 16e7287f
// 重构日志: 45bd9da7
// 同步 ID: a292edb9 @ Fri Jul 10 01:54:35 UTC 2026
// 重构日志: 1bea0c07
// 同步 ID: 6164e021 @ Fri Jul 10 16:13:49 UTC 2026
// 同步 ID: 44d48c57 @ Sat Jul 11 01:13:32 UTC 2026
// 重构日志: 49501072
// 重构日志: bc012ed3
// 重构日志: 0c7d623b
// 重构日志: cb537da6
// 重构日志: 4bb82ccd
// 重构日志: 58833d93
// 重构日志: a7ff14c3
// 重构日志: b3609767
// 重构日志: d328d639
// 同步 ID: 52a783a3 @ Mon Jul 13 02:08:42 UTC 2026
